<?xml version="1.0" encoding="UTF-8"?>
<testsuite xmlns:xsi="http://www.w3.org/2001/XMLSchema-instance" xsi:noNamespaceSchemaLocation="https://maven.apache.org/surefire/maven-surefire-plugin/xsd/surefire-test-report.xsd" name="com.maybe.maybe.repository.InvoiceItemRepositoryTest" time="3.621" tests="2" errors="0" skipped="0" failures="0">
  <properties>
[...]
</properties>
  <testcase name="when_findAllByInvoice_Id_thenReturnNotEmpty" classname="com.maybe.maybe.repository.InvoiceItemRepositoryTest" time="0.798"/>
  <testcase name="when_findAllByInvoice_Id_thenReturnEmpty" classname="com.maybe.maybe.repository.InvoiceItemRepositoryTest" time="0.052"/>
</testsuite>